* using log directory 'D:/ScubaNut/Documents/GitHub/NestInundation/nestinundation.Rcheck'
* using R version 4.2.1 (2022-06-23 ucrt)
* using platform: x86_64-w64-mingw32 (64-bit)
* using session charset: UTF-8
* using options '--no-manual --as-cran'
* checking for file 'nestinundation/DESCRIPTION' ... OK
* checking extension type ... Package
* this is package 'nestinundation' version '1.0'
* package encoding: UTF-8
* checking package namespace information ... OK
* checking package dependencies ... OK
* checking if this is a source package ... OK
* checking if there is a namespace ... OK
* checking for executable files ... OK
* checking for hidden files and directories ... OK
* checking for portable file names ... OK
* checking whether package 'nestinundation' can be installed ... OK
* checking installed package size ... OK
* checking package directory ... OK
* checking for future file timestamps ... OK
* checking DESCRIPTION meta-information ... OK
* checking top-level files ... OK
* checking for left-over files ... OK
* checking index information ... OK
* checking package subdirectories ... OK
* checking R files for non-ASCII characters ... WARNING
Found the following file with non-ASCII characters:
  InspectOutput.R
Portable packages must use only ASCII characters in their R code,
except perhaps in comments.
Use \uxxxx escapes for other characters.
* checking R files for syntax errors ... OK
* checking whether the package can be loaded ... OK
* checking whether the package can be loaded with stated dependencies ... OK
* checking whether the package can be unloaded cleanly ... OK
* checking whether the namespace can be loaded with stated dependencies ... OK
* checking whether the namespace can be unloaded cleanly ... OK
* checking dependencies in R code ... OK
* checking S3 generic/method consistency ... OK
* checking replacement functions ... OK
* checking foreign function calls ... OK
* checking R code for possible problems ... NOTE
Clean_Depth_Data: no visible binding for '<<-' assignment to 'Data'
Clean_Depth_Data: no visible binding for '<<-' assignment to
  'Preference'
Clean_Depth_Data: no visible binding for global variable 'Date_Time'
Export_Tables: no visible binding for '<<-' assignment to
  'dataset_names'
ID_Inundation: no visible binding for '<<-' assignment to
  'inundationStart'
ID_Inundation: no visible binding for '<<-' assignment to
  'inundationEnd'
ID_Inundation: no visible binding for '<<-' assignment to
  'inundationDuration'
ID_Inundation: no visible binding for '<<-' assignment to
  'inundationSeverity'
Process_MovingWindow: no visible binding for '<<-' assignment to
  'windowSize'
Process_Normal: no visible binding for '<<-' assignment to
  'movingWindow'
Summary_Table: no visible binding for '<<-' assignment to 'Table_Obs'
Temperature_Table: no visible binding for global variable 'Date'
Temperature_Table: no visible binding for global variable 'Temp_C'
Temperature_Table: no visible binding for global variable 'Date_Time'
Temperature_Table: no visible binding for global variable 'N'
Temperature_Table: no visible binding for '<<-' assignment to
  'Temp_Obs'
WaterDepth_kPa: no visible binding for global variable 'kPa'
WaterDepth_mbar: no visible binding for global variable 'kPa'
Undefined global functions or variables:
  Date Date_Time N Temp_C kPa

Found the following assignments to the global environment:
File 'nestinundation/R/CleanTransformData.R':
  assign(x = "Data", value = Data_Check, envir = .GlobalEnv)
  assign(x = "Data", value = Data_Trans, envir = .GlobalEnv)
  assign(x = "Data", value = Data_Trans, envir = .GlobalEnv)
  assign(x = "hoboData", value = Data, envir = .GlobalEnv)
  assign(x = "Data", value = Data, envir = .GlobalEnv)
  assign(x = "hoboData", value = Data, envir = .GlobalEnv)
  assign(x = "movingWindow", value = movingWindow, envir = .GlobalEnv)
  assign(x = "Data", value = Data_Clean, envir = .GlobalEnv)
  assign(x = "Data", value = Data_Clean, envir = .GlobalEnv)
* checking Rd files ... OK
* checking Rd metadata ... OK
* checking Rd line widths ... OK
* checking Rd cross-references ... OK
* checking for missing documentation entries ... WARNING
Undocumented code objects:
  'Demo_Data'
All user-level objects in a package should have documentation entries.
See chapter 'Writing R documentation files' in the 'Writing R
Extensions' manual.
* checking for code/documentation mismatches ... OK
* checking Rd \usage sections ... OK
* checking Rd contents ... OK
* checking for unstated dependencies in examples ... OK
* checking R/sysdata.rda ... OK
* checking examples ... ERROR
Running examples in 'nestinundation-Ex.R' failed
The error most likely occurred in:

> base::assign(".ptime", proc.time(), pos = "CheckExEnv")
> ### Name: Clean_Depth_Data
> ### Title: Clean raw user depth data
> ### Aliases: Clean_Depth_Data
> 
> ### ** Examples
> 
> Clean_Depth_Data(HOBO = data)
Error in Clean_Depth_Data(HOBO = data) : 
  object 'maxClutchDepth' not found
Execution halted
* checking for non-standard things in the check directory ... OK
* checking for detritus in the temp directory ... OK
* DONE
Status: 1 ERROR, 2 WARNINGs, 1 NOTE
